Performing C++ SOURCE FILE Test CMAKE_HAVE_LIBC_PTHREAD failed with the following output:
Change Dir: /home/wbb/catkin_ws_3d/PCT_planner/planner/lib/build/CMakeFiles/CMakeTmp

Run Build Command(s):/usr/bin/make cmTC_bbbef/fast && /usr/bin/make -f CMakeFiles/cmTC_bbbef.dir/build.make CMakeFiles/cmTC_bbbef.dir/build
make[1]: Entering directory '/home/wbb/catkin_ws_3d/PCT_planner/planner/lib/build/CMakeFiles/CMakeTmp'
Building CXX object CMakeFiles/cmTC_bbbef.dir/src.cxx.o
/usr/bin/c++    -Wall -Wextra -march=native -DCMAKE_HAVE_LIBC_PTHREAD   -std=gnu++14 -o CMakeFiles/cmTC_bbbef.dir/src.cxx.o -c /home/wbb/catkin_ws_3d/PCT_planner/planner/lib/build/CMakeFiles/CMakeTmp/src.cxx
Linking CXX executable cmTC_bbbef
/usr/bin/cmake -E cmake_link_script CMakeFiles/cmTC_bbbef.dir/link.txt --verbose=1
/usr/bin/c++  -Wall -Wextra -march=native -DCMAKE_HAVE_LIBC_PTHREAD    CMakeFiles/cmTC_bbbef.dir/src.cxx.o  -o cmTC_bbbef 
/usr/bin/ld: CMakeFiles/cmTC_bbbef.dir/src.cxx.o: in function `main':
src.cxx:(.text+0x46): undefined reference to `pthread_create'
/usr/bin/ld: src.cxx:(.text+0x52): undefined reference to `pthread_detach'
/usr/bin/ld: src.cxx:(.text+0x63): undefined reference to `pthread_join'
collect2: error: ld returned 1 exit status
make[1]: *** [CMakeFiles/cmTC_bbbef.dir/build.make:87: cmTC_bbbef] Error 1
make[1]: Leaving directory '/home/wbb/catkin_ws_3d/PCT_planner/planner/lib/build/CMakeFiles/CMakeTmp'
make: *** [Makefile:121: cmTC_bbbef/fast] Error 2


Source file was:
#include <pthread.h>

void* test_func(void* data)
{
  return data;
}

int main(void)
{
  pthread_t thread;
  pthread_create(&thread, NULL, test_func, NULL);
  pthread_detach(thread);
  pthread_join(thread, NULL);
  pthread_atfork(NULL, NULL, NULL);
  pthread_exit(NULL);

  return 0;
}

Determining if the function pthread_create exists in the pthreads failed with the following output:
Change Dir: /home/wbb/catkin_ws_3d/PCT_planner/planner/lib/build/CMakeFiles/CMakeTmp

Run Build Command(s):/usr/bin/make cmTC_c458f/fast && /usr/bin/make -f CMakeFiles/cmTC_c458f.dir/build.make CMakeFiles/cmTC_c458f.dir/build
make[1]: Entering directory '/home/wbb/catkin_ws_3d/PCT_planner/planner/lib/build/CMakeFiles/CMakeTmp'
Building CXX object CMakeFiles/cmTC_c458f.dir/CheckFunctionExists.cxx.o
/usr/bin/c++    -Wall -Wextra -march=native -DCHECK_FUNCTION_EXISTS=pthread_create   -std=gnu++14 -o CMakeFiles/cmTC_c458f.dir/CheckFunctionExists.cxx.o -c /home/wbb/catkin_ws_3d/PCT_planner/planner/lib/build/CMakeFiles/CheckLibraryExists/CheckFunctionExists.cxx
Linking CXX executable cmTC_c458f
/usr/bin/cmake -E cmake_link_script CMakeFiles/cmTC_c458f.dir/link.txt --verbose=1
/usr/bin/c++  -Wall -Wextra -march=native -DCHECK_FUNCTION_EXISTS=pthread_create    CMakeFiles/cmTC_c458f.dir/CheckFunctionExists.cxx.o  -o cmTC_c458f  -lpthreads 
/usr/bin/ld: cannot find -lpthreads
collect2: error: ld returned 1 exit status
make[1]: *** [CMakeFiles/cmTC_c458f.dir/build.make:87: cmTC_c458f] Error 1
make[1]: Leaving directory '/home/wbb/catkin_ws_3d/PCT_planner/planner/lib/build/CMakeFiles/CMakeTmp'
make: *** [Makefile:121: cmTC_c458f/fast] Error 2



